2025-11-29T13:28:25.855Z - GET /
2025-11-29T13:28:26.055Z - GET /favicon.ico
2025-11-29T13:30:22.354Z - POST /api/register
2025-11-29T13:33:31.159Z - POST /api/register
2025-11-29T13:34:14.204Z - POST /api/login
2025-11-29T13:35:25.018Z - POST /api/login
2025-11-29T13:37:52.368Z - POST /api/login
2025-11-29T13:43:34.299Z - POST /api/login
2025-11-29T13:43:50.910Z - POST /api/login
2025-11-29T13:43:58.390Z - POST /api/login
2025-11-29T13:48:48.931Z - POST /api/login
2025-11-29T13:48:56.421Z - POST /api/login
2025-11-29T14:31:28.845Z - POST /api/login
2025-11-29T14:31:41.524Z - POST /add/card
2025-11-29T14:32:02.803Z - GET /add/card
2025-11-29T14:33:23.333Z - POST /api/login
2025-11-29T14:34:54.075Z - GET /add/card
2025-11-29T17:15:44.727Z - POST /api/register
2025-11-29T17:15:51.706Z - POST /api/register
2025-11-29T17:16:18.527Z - POST /api/login
2025-11-29T17:16:52.725Z - GET /add/card
2025-11-29T17:17:28.748Z - GET /buy/card
2025-11-29T17:33:04.098Z - GET /buy/card
2025-11-29T17:33:19.905Z - GET /buy/card
2025-11-29T19:36:13.855Z - POST /api/login
2025-11-29T19:36:31.296Z - POST /api/logout
2025-11-29T19:36:43.155Z - GET /api/logout
2025-11-29T19:36:51.510Z - GET /api/logout?=eyJhbGciOiJIUzI1NiIsInR5cCI6IkpXVCJ9.eyJpZCI6IjY5MmIyYTQ3MTVmNTNkN2VlZWEwMGYzMCIsImlhdCI6MTc2NDQ0NDk3NCwiZXhwIjoxNzY1MDQ5Nzc0fQ.Iwv913PZtnTjiRDyp95qrUTuHhoLCnsC3tVNbUNI9fo
2025-11-29T19:37:18.863Z - GET /api/logout
2025-12-01T12:40:52.464Z - GET /curd/getitem
2025-12-01T12:41:43.259Z - GET /curd/createitem
2025-12-01T12:41:49.024Z - POST /curd/createitem
2025-12-01T12:42:33.970Z - POST /curd/createitem
2025-12-01T12:42:43.641Z - GET /curd/createitem
2025-12-01T12:42:51.814Z - GET /curd/getitem
2025-12-01T12:43:13.888Z - POST /curd/createitem
2025-12-01T12:44:17.579Z - PUT /curd/putitem
2025-12-01T12:44:34.058Z - POST /api/login
2025-12-01T12:45:09.223Z - POST /api/register
2025-12-01T12:45:38.074Z - POST /api/login
2025-12-01T12:46:19.148Z - PUT /curd/putitem
2025-12-01T12:46:46.243Z - PUT /curd/putitem
2025-12-01T12:47:16.428Z - PUT /curd/putitem
2025-12-01T15:44:34.583Z - GET /
2025-12-01T15:44:34.668Z - GET /favicon.ico
2025-12-02T11:33:10.216Z - GET /
2025-12-02T11:33:10.983Z - GET /favicon.ico
2025-12-02T11:56:42.500Z - GET /curd/getitem
2025-12-02T12:01:25.651Z - GET /curd/getitem
2025-12-02T12:01:31.351Z - GET /curd/getitem
2025-12-02T12:06:15.537Z - GET /curd/getitem
2025-12-02T12:06:34.551Z - GET /curd/getitem
2025-12-02T12:06:36.040Z - GET /curd/getitem
2025-12-02T12:06:36.436Z - GET /curd/getitem
2025-12-02T12:06:36.789Z - GET /curd/getitem
2025-12-02T12:07:28.498Z - GET /curd/getitem
2025-12-02T12:07:29.993Z - GET /curd/getitem
2025-12-02T12:07:30.461Z - GET /curd/getitem
2025-12-02T12:07:44.270Z - GET /curd/getitem
2025-12-02T12:12:12.602Z - GET /curd/getitem
2025-12-02T12:13:52.207Z - GET /curd/getitem
2025-12-02T12:20:18.558Z - GET /curd/getitem
2025-12-02T12:25:01.503Z - GET /curd/getitem
2025-12-02T12:25:17.517Z - GET /curd/getitem
2025-12-02T12:25:34.502Z - GET /curd/getitem
2025-12-02T12:25:49.491Z - GET /curd/getitem
2025-12-02T12:25:56.479Z - GET /curd/getitem
2025-12-02T12:26:29.505Z - GET /curd/getitem
2025-12-02T12:26:33.507Z - GET /curd/getitem
2025-12-02T12:27:11.504Z - GET /curd/getitem
2025-12-02T12:27:27.501Z - GET /curd/getitem
2025-12-02T12:27:36.513Z - GET /curd/getitem
2025-12-02T12:28:43.515Z - GET /curd/getitem
2025-12-02T12:28:48.505Z - GET /curd/getitem
2025-12-02T12:28:57.505Z - GET /curd/getitem
2025-12-02T12:34:27.610Z - GET /curd/getitem
2025-12-02T12:35:05.543Z - GET /curd/getitem
2025-12-02T12:35:08.851Z - GET /curd/getitem
2025-12-02T12:35:28.524Z - GET /curd/getitem
2025-12-02T12:36:33.670Z - GET /curd/getitem
2025-12-02T12:37:58.488Z - GET /curd/getitem
2025-12-02T12:38:03.105Z - GET /curd/getitem
2025-12-02T12:38:33.518Z - GET /curd/getitem
2025-12-02T12:38:39.058Z - GET /curd/getitem
2025-12-02T12:39:08.503Z - GET /curd/getitem
2025-12-02T12:39:19.512Z - GET /curd/getitem
2025-12-02T12:39:34.534Z - GET /curd/getitem
2025-12-02T12:39:36.991Z - GET /curd/getitem
2025-12-02T12:40:08.055Z - GET /curd/getitem
2025-12-02T12:40:29.507Z - GET /curd/getitem
2025-12-02T12:40:33.314Z - GET /curd/getitem
2025-12-02T12:40:51.435Z - GET /curd/getitem
2025-12-02T12:43:10.557Z - GET /curd/getitem
2025-12-02T12:43:12.781Z - GET /curd/getitem
2025-12-02T12:44:14.514Z - GET /curd/getitem
2025-12-02T12:45:05.541Z - GET /curd/getitem
2025-12-02T12:45:17.515Z - GET /curd/getitem
2025-12-02T12:45:25.801Z - GET /curd/getitem
2025-12-02T12:46:39.511Z - GET /curd/getitem
2025-12-02T12:46:44.113Z - GET /curd/getitem
2025-12-02T12:52:57.669Z - GET /curd/getitem
2025-12-02T12:53:11.278Z - GET /curd/getitem
2025-12-02T12:53:33.473Z - GET /curd/getitem
2025-12-02T12:56:04.541Z - GET /curd/getitem
2025-12-02T12:56:17.032Z - GET /curd/getitem
2025-12-02T12:57:05.490Z - GET /curd/getitem
2025-12-02T12:58:31.068Z - GET /curd/getitem
2025-12-02T13:02:04.374Z - GET /curd/getitem
2025-12-02T13:02:09.693Z - GET /curd/getitem
2025-12-02T13:03:38.904Z - GET /curd/getitem
2025-12-02T13:03:41.826Z - GET /curd/getitem
2025-12-02T13:03:43.849Z - GET /curd/getitem
2025-12-02T13:03:45.862Z - GET /curd/getitem
2025-12-02T13:03:48.877Z - GET /curd/getitem
2025-12-02T13:03:50.864Z - GET /curd/getitem
2025-12-02T13:03:56.888Z - GET /curd/getitem
2025-12-02T13:04:00.890Z - GET /curd/getitem
2025-12-02T13:04:01.889Z - GET /curd/getitem
2025-12-02T13:04:03.896Z - GET /curd/getitem
2025-12-02T13:04:31.903Z - GET /curd/getitem
2025-12-02T13:04:36.973Z - GET /curd/getitem
2025-12-02T13:05:00.886Z - GET /curd/getitem
2025-12-02T13:05:03.866Z - GET /curd/getitem
2025-12-02T13:05:07.990Z - GET /curd/getitem
2025-12-02T13:06:04.204Z - GET /curd/getitem
2025-12-02T13:06:08.187Z - GET /curd/getitem
2025-12-02T13:10:21.107Z - GET /curd/getitem
2025-12-02T13:10:21.958Z - GET /curd/getitem
2025-12-02T13:10:59.933Z - GET /curd/getitem
2025-12-02T13:11:01.979Z - GET /curd/getitem
2025-12-02T13:17:08.543Z - GET /curd/getitem
2025-12-02T13:18:01.510Z - GET /curd/getitem
2025-12-02T13:18:11.742Z - GET /curd/getitem
2025-12-02T13:19:01.578Z - GET /curd/getitem
2025-12-02T13:19:28.856Z - GET /curd/getitem
2025-12-02T13:20:41.392Z - GET /curd/getitem
2025-12-02T13:21:55.275Z - GET /curd/getitem
2025-12-02T13:22:46.360Z - GET /curd/getitem
2025-12-02T13:25:24.527Z - GET /curd/getitem
2025-12-02T13:25:43.056Z - GET /curd/getitem
2025-12-02T13:26:44.336Z - GET /curd/getitem
2025-12-02T13:26:54.133Z - OPTIONS /curd/createitem
2025-12-02T13:26:54.567Z - POST /curd/createitem
2025-12-02T13:27:04.658Z - GET /curd/getitem
2025-12-02T13:56:02.975Z - GET /curd/getitem
2025-12-02T13:56:14.394Z - OPTIONS /curd/createitem
2025-12-02T13:56:14.418Z - POST /curd/createitem
2025-12-02T13:56:31.938Z - GET /curd/getitem
2025-12-02T13:56:53.260Z - OPTIONS /curd/createitem
2025-12-02T13:56:53.263Z - POST /curd/createitem
2025-12-02T13:57:03.815Z - GET /curd/getitem
2025-12-02T13:57:31.840Z - GET /curd/getitem
2025-12-02T13:57:58.793Z - GET /curd/getitem
2025-12-02T14:03:52.213Z - GET /curd/getitem
2025-12-02T14:03:56.846Z - GET /curd/getitem
2025-12-02T14:04:00.819Z - GET /curd/getitem
2025-12-02T14:04:10.896Z - GET /curd/getitem
2025-12-02T14:04:23.782Z - GET /curd/getitem
2025-12-02T14:04:28.832Z - GET /curd/getitem
2025-12-02T14:04:46.853Z - GET /curd/getitem
2025-12-02T14:04:47.846Z - GET /curd/getitem
2025-12-02T14:05:29.301Z - OPTIONS /curd/createitem
2025-12-02T14:05:29.317Z - POST /curd/createitem
2025-12-02T14:05:33.940Z - GET /curd/getitem
2025-12-02T14:07:09.842Z - GET /curd/getitem
2025-12-02T14:07:11.899Z - GET /curd/getitem
2025-12-02T14:07:26.785Z - OPTIONS /curd/createitem
2025-12-02T14:07:26.789Z - POST /curd/createitem
2025-12-02T14:07:26.831Z - GET /curd/getitem
2025-12-02T14:10:00.817Z - GET /curd/getitem
2025-12-02T14:10:31.862Z - GET /curd/getitem
2025-12-02T14:10:37.893Z - GET /curd/getitem
2025-12-02T14:10:39.845Z - GET /curd/getitem
2025-12-02T14:10:41.848Z - GET /curd/getitem
2025-12-02T14:10:59.818Z - GET /curd/getitem
2025-12-02T14:11:07.857Z - GET /curd/getitem
2025-12-02T14:11:10.893Z - GET /curd/getitem
2025-12-02T14:11:12.823Z - GET /curd/getitem
2025-12-02T14:11:14.856Z - GET /curd/getitem
2025-12-02T14:11:16.881Z - GET /curd/getitem
2025-12-02T14:11:27.914Z - GET /curd/getitem
2025-12-02T14:11:36.383Z - GET /curd/getitem
2025-12-02T14:11:36.670Z - GET /curd/getitem
2025-12-02T14:11:43.864Z - GET /curd/getitem
2025-12-02T14:11:48.805Z - GET /curd/getitem
2025-12-02T14:11:53.810Z - GET /curd/getitem
2025-12-02T14:12:24.982Z - GET /curd/getitem
2025-12-02T14:12:25.906Z - GET /curd/getitem
2025-12-02T14:12:46.117Z - GET /curd/getitem
2025-12-02T14:12:54.086Z - GET /curd/getitem
2025-12-02T14:13:05.043Z - GET /curd/getitem
2025-12-02T14:13:11.131Z - GET /curd/getitem
2025-12-02T14:13:13.099Z - GET /curd/getitem
2025-12-02T14:13:18.030Z - GET /curd/getitem
2025-12-02T14:14:33.220Z - GET /curd/getitem
2025-12-02T14:14:36.625Z - GET /curd/getitem
2025-12-02T14:16:24.189Z - GET /curd/getitem
2025-12-02T14:16:27.058Z - GET /curd/getitem
2025-12-02T14:16:30.178Z - GET /curd/getitem
2025-12-02T14:16:46.178Z - GET /curd/getitem
2025-12-02T14:16:49.977Z - GET /curd/getitem
2025-12-02T14:17:29.934Z - GET /curd/getitem
2025-12-02T14:20:49.135Z - GET /curd/getitem
2025-12-02T14:20:51.025Z - GET /curd/getitem
2025-12-02T14:20:54.056Z - GET /curd/getitem
2025-12-02T14:20:56.248Z - GET /curd/getitem
2025-12-02T14:21:00.562Z - GET /curd/getitem
2025-12-02T14:21:19.646Z - GET /curd/getitem
2025-12-02T14:21:23.172Z - GET /curd/getitem
2025-12-02T14:21:33.310Z - OPTIONS /curd/createitem
2025-12-02T14:21:33.332Z - POST /curd/createitem
2025-12-02T14:21:33.401Z - GET /curd/getitem
2025-12-02T14:58:32.210Z - GET /curd/getitem
2025-12-02T14:59:34.604Z - GET /curd/getitem
2025-12-02T14:59:59.610Z - GET /curd/getitem
2025-12-02T15:01:25.929Z - GET /curd/getitem
2025-12-02T15:01:27.832Z - GET /curd/getitem
2025-12-02T15:01:36.877Z - GET /curd/getitem
2025-12-02T15:01:46.824Z - GET /curd/getitem
2025-12-02T15:01:58.932Z - GET /curd/getitem
2025-12-02T15:07:51.979Z - DELETE /curd/deleteitem/692d8d39f300105abeb3dd97
2025-12-02T15:09:42.442Z - DELETE /curd/deleteitem/:692d8d39f300105abeb3dd97
2025-12-02T15:10:30.913Z - DELETE /curd/deleteitem/692d8d39f300105abeb3dd97
2025-12-02T15:17:50.085Z - GET /curd/getitem
2025-12-02T15:17:52.076Z - GET /curd/getitem
2025-12-02T15:18:00.056Z - GET /curd/getitem
2025-12-02T15:18:02.129Z - GET /curd/getitem
2025-12-02T15:18:04.119Z - GET /curd/getitem
2025-12-02T15:23:05.474Z - GET /curd/getitem
2025-12-02T15:23:15.064Z - GET /curd/getitem
2025-12-02T15:23:18.029Z - GET /curd/getitem
2025-12-02T15:23:19.032Z - GET /curd/getitem
2025-12-02T15:23:27.049Z - GET /curd/getitem
2025-12-02T15:27:18.627Z - GET /curd/getitem
2025-12-02T15:27:22.212Z - GET /curd/getitem
2025-12-02T15:42:43.183Z - GET /curd/getitem
2025-12-02T15:42:45.146Z - GET /curd/getitem
2025-12-02T15:43:03.071Z - GET /curd/getitem
2025-12-02T15:51:04.266Z - GET /curd/getitem
2025-12-02T15:51:08.272Z - OPTIONS /curd/deleteitem/692ef5ed34d1c486dcd47b5e
2025-12-02T15:51:08.286Z - DELETE /curd/deleteitem/692ef5ed34d1c486dcd47b5e
2025-12-02T15:51:08.382Z - GET /curd/getitem
2025-12-02T15:51:22.545Z - OPTIONS /curd/deleteitem/692ef29e34d1c486dcd47b33
2025-12-02T15:51:22.548Z - DELETE /curd/deleteitem/692ef29e34d1c486dcd47b33
2025-12-02T15:51:22.597Z - GET /curd/getitem
2025-12-02T15:51:27.094Z - OPTIONS /curd/deleteitem/692ef22934d1c486dcd47b2e
2025-12-02T15:51:27.097Z - DELETE /curd/deleteitem/692ef22934d1c486dcd47b2e
2025-12-02T15:51:27.148Z - GET /curd/getitem
2025-12-02T15:53:54.203Z - GET /curd/getitem
2025-12-02T15:53:58.062Z - GET /curd/getitem
2025-12-02T15:54:00.023Z - GET /curd/getitem
2025-12-02T15:54:11.110Z - GET /curd/getitem
2025-12-02T15:54:15.114Z - GET /curd/getitem
2025-12-02T15:54:16.050Z - GET /curd/getitem
2025-12-02T15:54:24.160Z - GET /curd/getitem
2025-12-02T15:54:27.003Z - GET /curd/getitem
2025-12-02T15:54:38.096Z - GET /curd/getitem
2025-12-02T15:54:40.016Z - GET /curd/getitem
2025-12-02T15:54:44.038Z - GET /curd/getitem
2025-12-02T15:54:58.152Z - GET /curd/getitem
2025-12-02T15:55:11.169Z - GET /curd/getitem
2025-12-02T15:55:13.106Z - GET /curd/getitem
2025-12-02T15:55:15.127Z - GET /curd/getitem
2025-12-02T15:57:19.291Z - GET /curd/getitem
2025-12-02T15:58:40.406Z - PUT /curd/putitem/692d8d61f300105abeb3dd9a
2025-12-02T15:59:34.042Z - PUT /curd/putitem/692d8d61f300105abeb3dd9a
2025-12-02T15:59:44.381Z - PUT /curd/putitem/692d8d61f300105abeb3dd9a
2025-12-02T16:00:01.746Z - GET /curd/getitem
2025-12-02T16:00:44.289Z - PUT /curd/putitem/692d8d61f300105abeb3dd9a
2025-12-02T16:01:46.286Z - GET /curd/getitem
2025-12-02T16:02:30.405Z - PUT /curd/putitem/692ee91e34d1c486dcd47b1a
2025-12-02T16:04:48.289Z - PUT /curd/putitem/692ee91e34d1c486dcd47b1a
2025-12-02T16:05:18.653Z - GET /curd/getitem
2025-12-02T16:05:49.504Z - PUT /curd/putitem/692ee91e34d1c486dcd47b1a
2025-12-02T16:20:11.119Z - GET /curd/getitem
2025-12-02T17:03:02.053Z - GET /curd/getitem
2025-12-02T18:02:05.147Z - GET /curd/getitem
2025-12-02T18:02:24.117Z - GET /curd/getitem
2025-12-02T18:02:47.191Z - GET /curd/getitem
2025-12-02T18:02:49.130Z - GET /curd/getitem
2025-12-02T18:02:51.137Z - GET /curd/getitem
2025-12-02T18:02:53.129Z - GET /curd/getitem
2025-12-02T18:11:21.547Z - GET /curd/getitem
2025-12-02T18:11:22.232Z - GET /curd/getitem
2025-12-02T18:11:28.112Z - GET /curd/getitem
2025-12-02T18:11:32.109Z - GET /curd/getitem
2025-12-02T18:11:40.177Z - GET /curd/getitem
2025-12-02T18:11:59.104Z - GET /curd/getitem
2025-12-02T18:12:01.106Z - GET /curd/getitem
2025-12-02T18:12:19.185Z - GET /curd/getitem
2025-12-02T18:12:23.220Z - GET /curd/getitem
2025-12-02T18:12:41.138Z - GET /curd/getitem
2025-12-02T18:12:43.070Z - GET /curd/getitem
2025-12-02T18:13:52.625Z - GET /curd/getitem
2025-12-02T18:21:13.647Z - GET /curd/getitem
2025-12-02T18:25:58.326Z - GET /curd/getitem
2025-12-02T18:26:36.089Z - GET /curd/getitem
2025-12-02T18:58:45.652Z - GET /curd/getitem
2025-12-02T18:58:48.420Z - OPTIONS /curd/deleteitem/692ef02534d1c486dcd47b21
2025-12-02T18:58:48.440Z - DELETE /curd/deleteitem/692ef02534d1c486dcd47b21
2025-12-02T18:58:48.570Z - GET /curd/getitem
2025-12-02T18:59:00.569Z - OPTIONS /curd/deleteitem/692eeffe34d1c486dcd47b1e
2025-12-02T18:59:00.588Z - DELETE /curd/deleteitem/692eeffe34d1c486dcd47b1e
2025-12-02T18:59:00.652Z - GET /curd/getitem
2025-12-02T19:12:49.754Z - GET /curd/getitem
2025-12-02T19:41:31.466Z - OPTIONS /curd/createitem
2025-12-02T19:41:31.526Z - POST /curd/createitem
2025-12-02T19:41:31.852Z - GET /curd/getitem
2025-12-02T19:42:29.545Z - OPTIONS /curd/createitem
2025-12-02T19:42:29.553Z - POST /curd/createitem
2025-12-02T19:42:29.601Z - GET /curd/getitem
2025-12-02T20:22:26.038Z - GET /curd/getitem
2025-12-02T20:22:43.724Z - OPTIONS /curd/createitem
2025-12-02T20:22:43.744Z - POST /curd/createitem
2025-12-02T20:22:43.838Z - GET /curd/getitem
2025-12-02T20:23:02.219Z - OPTIONS /curd/createitem
2025-12-02T20:23:02.227Z - POST /curd/createitem
2025-12-02T20:23:02.296Z - GET /curd/getitem
2025-12-02T20:23:27.976Z - OPTIONS /curd/createitem
2025-12-02T20:23:27.980Z - POST /curd/createitem
2025-12-02T20:23:28.030Z - GET /curd/getitem
2025-12-02T20:28:08.672Z - OPTIONS /curd/createitem
2025-12-02T20:28:08.682Z - POST /curd/createitem
2025-12-02T20:28:08.818Z - GET /curd/getitem
2025-12-02T20:32:12.727Z - GET /curd/getitem
2025-12-02T20:35:07.716Z - GET /curd/getitem
2025-12-02T20:35:14.938Z - OPTIONS /curd/putitem/undefined
2025-12-02T20:35:14.952Z - PUT /curd/putitem/undefined
2025-12-02T20:35:15.020Z - GET /curd/getitem
2025-12-02T20:35:23.809Z - OPTIONS /curd/putitem/undefined
2025-12-02T20:35:23.816Z - PUT /curd/putitem/undefined
2025-12-02T20:35:23.842Z - GET /curd/getitem
2025-12-02T20:35:55.006Z - GET /curd/getitem
2025-12-02T20:36:02.087Z - OPTIONS /curd/putitem/undefined
2025-12-02T20:36:02.090Z - PUT /curd/putitem/undefined
2025-12-02T20:36:02.114Z - GET /curd/getitem
2025-12-02T20:37:01.865Z - OPTIONS /curd/putitem/undefined
2025-12-02T20:37:02.318Z - PUT /curd/putitem/undefined
2025-12-02T20:37:02.344Z - GET /curd/getitem
2025-12-02T20:37:36.398Z - OPTIONS /curd/putitem/undefined
2025-12-02T20:37:36.407Z - PUT /curd/putitem/undefined
2025-12-02T20:37:36.468Z - GET /curd/getitem
2025-12-02T20:51:09.136Z - GET /curd/getitem
2025-12-02T20:51:23.869Z - OPTIONS /curd/putitem/692f4bd86c763d2cdafab9c0
2025-12-02T20:51:23.883Z - PUT /curd/putitem/692f4bd86c763d2cdafab9c0
2025-12-02T20:51:24.028Z - GET /curd/getitem
2025-12-02T20:51:34.851Z - OPTIONS /curd/putitem/692f4bd86c763d2cdafab9c0
2025-12-02T20:51:34.855Z - PUT /curd/putitem/692f4bd86c763d2cdafab9c0
2025-12-02T20:51:34.945Z - GET /curd/getitem
2025-12-02T20:51:41.075Z - OPTIONS /curd/deleteitem/692f4bd86c763d2cdafab9c0
2025-12-02T20:51:41.079Z - DELETE /curd/deleteitem/692f4bd86c763d2cdafab9c0
2025-12-02T20:51:41.129Z - GET /curd/getitem
2025-12-02T20:51:55.291Z - OPTIONS /curd/createitem
2025-12-02T20:51:55.298Z - POST /curd/createitem
2025-12-02T20:51:55.382Z - GET /curd/getitem
2025-12-03T14:23:47.562Z - GET /curd/getitem
2025-12-03T14:23:50.387Z - OPTIONS /curd/deleteitem/692f516bfc3ef1473be5df5a
2025-12-03T14:23:50.490Z - DELETE /curd/deleteitem/692f516bfc3ef1473be5df5a
2025-12-03T14:23:50.701Z - GET /curd/getitem
2025-12-03T14:24:35.615Z - OPTIONS /curd/deleteitem/692f4abf6c763d2cdafab9bd
2025-12-03T14:24:35.636Z - DELETE /curd/deleteitem/692f4abf6c763d2cdafab9bd
2025-12-03T14:24:35.836Z - GET /curd/getitem
2025-12-03T14:24:37.640Z - OPTIONS /curd/deleteitem/692f4aa66c763d2cdafab9ba
2025-12-03T14:24:37.656Z - DELETE /curd/deleteitem/692f4aa66c763d2cdafab9ba
2025-12-03T14:24:37.703Z - GET /curd/getitem
2025-12-03T14:24:39.348Z - OPTIONS /curd/deleteitem/692f4a936c763d2cdafab9b7
2025-12-03T14:24:39.361Z - DELETE /curd/deleteitem/692f4a936c763d2cdafab9b7
2025-12-03T14:24:39.517Z - GET /curd/getitem
2025-12-03T14:24:39.659Z - DELETE /curd/deleteitem/692f4a936c763d2cdafab9b7
2025-12-03T14:24:39.799Z - GET /curd/getitem
2025-12-03T14:24:41.614Z - OPTIONS /curd/deleteitem/692f41256c763d2cdafab9b3
2025-12-03T14:24:41.622Z - DELETE /curd/deleteitem/692f41256c763d2cdafab9b3
2025-12-03T14:24:41.764Z - GET /curd/getitem
2025-12-03T14:24:41.873Z - DELETE /curd/deleteitem/692f41256c763d2cdafab9b3
2025-12-03T14:24:41.920Z - GET /curd/getitem
2025-12-03T14:24:42.080Z - DELETE /curd/deleteitem/692f41256c763d2cdafab9b3
2025-12-03T14:24:42.371Z - GET /curd/getitem
2025-12-03T14:24:43.675Z - OPTIONS /curd/deleteitem/692f40eb6c763d2cdafab9b0
2025-12-03T14:24:43.684Z - DELETE /curd/deleteitem/692f40eb6c763d2cdafab9b0
2025-12-03T14:24:43.729Z - GET /curd/getitem
2025-12-03T14:24:44.891Z - OPTIONS /curd/deleteitem/692ee91e34d1c486dcd47b1a
2025-12-03T14:24:44.898Z - DELETE /curd/deleteitem/692ee91e34d1c486dcd47b1a
2025-12-03T14:24:44.941Z - GET /curd/getitem
2025-12-03T14:33:35.978Z - GET /curd/getitem
2025-12-03T14:33:44.715Z - OPTIONS /curd/createitem
2025-12-03T14:33:44.783Z - POST /curd/createitem
2025-12-03T14:33:44.910Z - GET /curd/getitem
2025-12-03T14:33:54.681Z - OPTIONS /curd/createitem
2025-12-03T14:33:54.688Z - POST /curd/createitem
2025-12-03T14:33:54.750Z - GET /curd/getitem
2025-12-03T14:33:56.908Z - OPTIONS /curd/deleteitem/69304a529a3c2d1a44dabafd
2025-12-03T14:33:56.918Z - DELETE /curd/deleteitem/69304a529a3c2d1a44dabafd
2025-12-03T14:33:56.967Z - GET /curd/getitem
2025-12-03T14:33:58.356Z - OPTIONS /curd/deleteitem/69304a489a3c2d1a44dabafa
2025-12-03T14:33:58.359Z - DELETE /curd/deleteitem/69304a489a3c2d1a44dabafa
2025-12-03T14:33:58.410Z - GET /curd/getitem
2025-12-03T14:34:48.611Z - OPTIONS /curd/createitem
2025-12-03T14:34:48.617Z - POST /curd/createitem
2025-12-03T14:34:48.997Z - GET /curd/getitem
2025-12-03T14:35:02.918Z - OPTIONS /curd/createitem
2025-12-03T14:35:02.926Z - POST /curd/createitem
2025-12-03T14:35:02.991Z - GET /curd/getitem
2025-12-03T14:35:05.063Z - OPTIONS /curd/deleteitem/69304a969a3c2d1a44dabb07
2025-12-03T14:35:05.078Z - DELETE /curd/deleteitem/69304a969a3c2d1a44dabb07
2025-12-03T14:35:05.168Z - GET /curd/getitem
2025-12-03T14:35:06.390Z - OPTIONS /curd/deleteitem/69304a889a3c2d1a44dabb04
2025-12-03T14:35:06.402Z - DELETE /curd/deleteitem/69304a889a3c2d1a44dabb04
2025-12-03T14:35:06.564Z - GET /curd/getitem
2025-12-03T14:36:24.696Z - OPTIONS /curd/createitem
2025-12-03T14:36:24.700Z - POST /curd/createitem
2025-12-03T14:36:24.775Z - GET /curd/getitem
2025-12-03T14:36:37.262Z - OPTIONS /curd/createitem
2025-12-03T14:36:37.267Z - POST /curd/createitem
2025-12-03T14:36:37.324Z - GET /curd/getitem
2025-12-03T14:36:39.165Z - OPTIONS /curd/deleteitem/69304af59a3c2d1a44dabb11
2025-12-03T14:36:39.170Z - DELETE /curd/deleteitem/69304af59a3c2d1a44dabb11
2025-12-03T14:36:39.215Z - GET /curd/getitem
2025-12-03T14:36:41.757Z - OPTIONS /curd/deleteitem/69304ae89a3c2d1a44dabb0e
2025-12-03T14:36:41.767Z - DELETE /curd/deleteitem/69304ae89a3c2d1a44dabb0e
2025-12-03T14:36:41.827Z - GET /curd/getitem
2025-12-03T14:36:53.122Z - OPTIONS /curd/createitem
2025-12-03T14:36:53.127Z - POST /curd/createitem
2025-12-03T14:36:53.185Z - GET /curd/getitem
2025-12-03T14:37:01.286Z - OPTIONS /curd/createitem
2025-12-03T14:37:01.293Z - POST /curd/createitem
2025-12-03T14:37:01.367Z - GET /curd/getitem
2025-12-03T14:37:12.014Z - OPTIONS /curd/createitem
2025-12-03T14:37:12.017Z - POST /curd/createitem
2025-12-03T14:37:12.074Z - GET /curd/getitem
2025-12-03T14:37:20.641Z - OPTIONS /curd/createitem
2025-12-03T14:37:20.646Z - POST /curd/createitem
2025-12-03T14:37:20.696Z - GET /curd/getitem
2025-12-03T14:37:28.883Z - OPTIONS /curd/createitem
2025-12-03T14:37:28.888Z - POST /curd/createitem
2025-12-03T14:37:28.944Z - GET /curd/getitem
2025-12-03T14:37:32.480Z - OPTIONS /curd/deleteitem/69304b289a3c2d1a44dabb24
2025-12-03T14:37:32.488Z - DELETE /curd/deleteitem/69304b289a3c2d1a44dabb24
2025-12-03T14:37:32.554Z - GET /curd/getitem
2025-12-03T14:37:34.216Z - OPTIONS /curd/deleteitem/69304b209a3c2d1a44dabb21
2025-12-03T14:37:34.223Z - DELETE /curd/deleteitem/69304b209a3c2d1a44dabb21
2025-12-03T14:37:34.275Z - GET /curd/getitem
2025-12-03T14:37:36.676Z - OPTIONS /curd/deleteitem/69304b189a3c2d1a44dabb1e
2025-12-03T14:37:36.679Z - DELETE /curd/deleteitem/69304b189a3c2d1a44dabb1e
2025-12-03T14:37:36.737Z - GET /curd/getitem
2025-12-03T14:37:37.933Z - OPTIONS /curd/deleteitem/69304b0d9a3c2d1a44dabb1b
2025-12-03T14:37:37.939Z - DELETE /curd/deleteitem/69304b0d9a3c2d1a44dabb1b
2025-12-03T14:37:37.991Z - GET /curd/getitem
2025-12-03T14:37:39.758Z - OPTIONS /curd/deleteitem/69304b059a3c2d1a44dabb18
2025-12-03T14:37:39.771Z - DELETE /curd/deleteitem/69304b059a3c2d1a44dabb18
2025-12-03T14:37:39.820Z - GET /curd/getitem
2025-12-03T14:37:49.499Z - OPTIONS /curd/createitem
2025-12-03T14:37:49.503Z - POST /curd/createitem
2025-12-03T14:37:49.585Z - GET /curd/getitem
2025-12-03T14:38:01.062Z - OPTIONS /curd/createitem
2025-12-03T14:38:01.068Z - POST /curd/createitem
2025-12-03T14:38:01.124Z - GET /curd/getitem
2025-12-03T14:38:05.190Z - OPTIONS /curd/putitem/69304b499a3c2d1a44dabb34
2025-12-03T14:38:05.202Z - PUT /curd/putitem/69304b499a3c2d1a44dabb34
2025-12-03T14:38:05.319Z - GET /curd/getitem
2025-12-03T14:38:13.550Z - OPTIONS /curd/putitem/69304b3d9a3c2d1a44dabb31
2025-12-03T14:38:13.555Z - PUT /curd/putitem/69304b3d9a3c2d1a44dabb31
2025-12-03T14:38:13.660Z - GET /curd/getitem
2025-12-03T14:38:53.748Z - OPTIONS /curd/deleteitem/69304b499a3c2d1a44dabb34
2025-12-03T14:38:53.751Z - DELETE /curd/deleteitem/69304b499a3c2d1a44dabb34
2025-12-03T14:38:55.846Z - GET /curd/getitem
2025-12-03T14:38:56.982Z - DELETE /curd/deleteitem/69304b499a3c2d1a44dabb34
2025-12-03T14:38:59.102Z - OPTIONS /curd/deleteitem/69304b3d9a3c2d1a44dabb31
2025-12-03T14:38:59.115Z - DELETE /curd/deleteitem/69304b3d9a3c2d1a44dabb31
2025-12-03T14:38:59.117Z - GET /curd/getitem
2025-12-03T14:39:01.193Z - GET /curd/getitem
2025-12-03T14:39:10.481Z - OPTIONS /curd/createitem
2025-12-03T14:39:10.519Z - POST /curd/createitem
2025-12-03T14:39:12.581Z - GET /curd/getitem
2025-12-03T14:39:32.317Z - OPTIONS /curd/createitem
2025-12-03T14:39:32.356Z - POST /curd/createitem
2025-12-03T14:39:34.437Z - GET /curd/getitem
2025-12-03T14:59:42.881Z - GET /curd/getitem
2025-12-03T15:01:30.961Z - GET /curd/getitem
2025-12-03T15:08:15.698Z - GET /curd/getitem
2025-12-03T15:08:24.574Z - OPTIONS /curd/deleteitem/69304ba49a3c2d1a44dabb46
2025-12-03T15:08:24.582Z - DELETE /curd/deleteitem/69304ba49a3c2d1a44dabb46
2025-12-03T15:08:26.635Z - GET /curd/getitem
2025-12-03T15:08:39.219Z - GET /curd/getitem
2025-12-03T15:08:50.886Z - OPTIONS /curd/deleteitem/69304b8e9a3c2d1a44dabb43
2025-12-03T15:08:50.919Z - DELETE /curd/deleteitem/69304b8e9a3c2d1a44dabb43
2025-12-03T15:08:53.005Z - GET /curd/getitem
2025-12-03T15:09:10.033Z - OPTIONS /curd/createitem
2025-12-03T15:09:10.067Z - POST /curd/createitem
2025-12-03T15:09:12.169Z - GET /curd/getitem
2025-12-03T15:11:03.031Z - GET /curd/getitem
2025-12-03T15:13:48.119Z - GET /curd/getitem
2025-12-03T15:14:12.403Z - OPTIONS /curd/createitem
2025-12-03T15:14:12.428Z - POST /curd/createitem
2025-12-03T15:14:14.508Z - GET /curd/getitem
2025-12-03T15:16:33.372Z - GET /curd/getitem
2025-12-03T15:16:47.458Z - OPTIONS /curd/createitem
2025-12-03T15:16:47.470Z - POST /curd/createitem
2025-12-03T15:16:49.602Z - GET /curd/getitem
2025-12-03T15:17:41.545Z - GET /curd/getitem
2025-12-03T15:18:10.573Z - GET /curd/getitem
2025-12-03T15:20:29.771Z - GET /curd/getitem
2025-12-03T15:20:43.157Z - OPTIONS /curd/createitem
2025-12-03T15:20:43.191Z - POST /curd/createitem
2025-12-03T15:20:45.266Z - GET /curd/getitem
2025-12-03T15:21:12.964Z - OPTIONS /curd/createitem
2025-12-03T15:21:12.980Z - POST /curd/createitem
2025-12-03T15:21:15.119Z - GET /curd/getitem
2025-12-03T15:21:30.235Z - OPTIONS /curd/createitem
2025-12-03T15:21:30.262Z - POST /curd/createitem
2025-12-03T15:21:32.394Z - GET /curd/getitem
2025-12-03T15:21:44.522Z - OPTIONS /curd/createitem
2025-12-03T15:21:44.542Z - POST /curd/createitem
2025-12-03T15:21:46.654Z - GET /curd/getitem
2025-12-03T15:21:57.078Z - OPTIONS /curd/deleteitem/693055889a3c2d1a44dabb69
2025-12-03T15:21:57.091Z - DELETE /curd/deleteitem/693055889a3c2d1a44dabb69
2025-12-03T15:21:59.184Z - GET /curd/getitem
2025-12-03T15:22:00.703Z - OPTIONS /curd/deleteitem/6930557a9a3c2d1a44dabb66
2025-12-03T15:22:00.713Z - DELETE /curd/deleteitem/6930557a9a3c2d1a44dabb66
2025-12-03T15:22:02.796Z - GET /curd/getitem
2025-12-03T15:22:03.689Z - DELETE /curd/deleteitem/6930557a9a3c2d1a44dabb66
2025-12-03T15:22:05.037Z - OPTIONS /curd/deleteitem/693055689a3c2d1a44dabb63
2025-12-03T15:22:05.040Z - DELETE /curd/deleteitem/693055689a3c2d1a44dabb63
2025-12-03T15:22:05.838Z - OPTIONS /curd/deleteitem/6930557a9a3c2d1a44dabb66
2025-12-03T15:22:05.848Z - DELETE /curd/deleteitem/6930557a9a3c2d1a44dabb66
2025-12-03T15:22:06.444Z - DELETE /curd/deleteitem/693055689a3c2d1a44dabb63
2025-12-03T15:22:06.687Z - OPTIONS /curd/deleteitem/6930554b9a3c2d1a44dabb60
2025-12-03T15:22:06.708Z - DELETE /curd/deleteitem/6930554b9a3c2d1a44dabb60
2025-12-03T15:22:07.026Z - OPTIONS /curd/deleteitem/6930545f9a3c2d1a44dabb5a
2025-12-03T15:22:07.047Z - DELETE /curd/deleteitem/6930545f9a3c2d1a44dabb5a
2025-12-03T15:22:07.253Z - OPTIONS /curd/deleteitem/693053c49a3c2d1a44dabb56
2025-12-03T15:22:07.257Z - DELETE /curd/deleteitem/693053c49a3c2d1a44dabb56
2025-12-03T15:22:07.462Z - OPTIONS /curd/deleteitem/693052969a3c2d1a44dabb51
2025-12-03T15:22:07.467Z - DELETE /curd/deleteitem/693052969a3c2d1a44dabb51
2025-12-03T15:22:09.537Z - GET /curd/getitem
2025-12-03T15:22:11.618Z - OPTIONS /curd/deleteitem/693055689a3c2d1a44dabb63
2025-12-03T15:22:11.632Z - DELETE /curd/deleteitem/693055689a3c2d1a44dabb63
2025-12-03T15:22:11.784Z - DELETE /curd/deleteitem/693052969a3c2d1a44dabb51
2025-12-03T15:22:11.962Z - DELETE /curd/deleteitem/693052969a3c2d1a44dabb51
2025-12-03T15:22:12.142Z - DELETE /curd/deleteitem/693052969a3c2d1a44dabb51
2025-12-03T15:22:12.320Z - DELETE /curd/deleteitem/693052969a3c2d1a44dabb51
2025-12-03T15:22:12.525Z - OPTIONS /curd/deleteitem/693052969a3c2d1a44dabb51
2025-12-03T15:22:12.528Z - DELETE /curd/deleteitem/693052969a3c2d1a44dabb51
2025-12-03T15:22:13.714Z - DELETE /curd/deleteitem/693052969a3c2d1a44dabb51
2025-12-03T15:22:13.864Z - DELETE /curd/deleteitem/693052969a3c2d1a44dabb51
2025-12-03T15:22:15.018Z - DELETE /curd/deleteitem/693052969a3c2d1a44dabb51
2025-12-03T15:22:15.165Z - DELETE /curd/deleteitem/693052969a3c2d1a44dabb51
2025-12-03T15:22:15.368Z - DELETE /curd/deleteitem/693052969a3c2d1a44dabb51
2025-12-03T15:22:15.550Z - DELETE /curd/deleteitem/693052969a3c2d1a44dabb51
2025-12-03T15:22:15.781Z - DELETE /curd/deleteitem/693052969a3c2d1a44dabb51
2025-12-03T15:22:15.939Z - DELETE /curd/deleteitem/693052969a3c2d1a44dabb51
2025-12-03T15:22:17.096Z - DELETE /curd/deleteitem/693052969a3c2d1a44dabb51
2025-12-03T15:22:17.230Z - DELETE /curd/deleteitem/693052969a3c2d1a44dabb51
2025-12-03T15:22:17.424Z - DELETE /curd/deleteitem/693052969a3c2d1a44dabb51
2025-12-03T15:22:17.609Z - DELETE /curd/deleteitem/693052969a3c2d1a44dabb51
2025-12-03T15:22:17.846Z - DELETE /curd/deleteitem/693052969a3c2d1a44dabb51
2025-12-03T15:22:19.935Z - GET /curd/getitem
2025-12-03T15:24:15.429Z - OPTIONS /curd/deleteitem/693052969a3c2d1a44dabb51
2025-12-03T15:24:15.435Z - DELETE /curd/deleteitem/693052969a3c2d1a44dabb51
2025-12-03T15:24:17.520Z - GET /curd/getitem
2025-12-03T15:24:21.184Z - OPTIONS /curd/deleteitem/693052969a3c2d1a44dabb51
2025-12-03T15:24:21.192Z - DELETE /curd/deleteitem/693052969a3c2d1a44dabb51
2025-12-03T15:24:23.260Z - GET /curd/getitem
2025-12-03T15:24:24.703Z - DELETE /curd/deleteitem/693052969a3c2d1a44dabb51
2025-12-03T15:24:24.862Z - DELETE /curd/deleteitem/693052969a3c2d1a44dabb51
2025-12-03T15:24:25.038Z - DELETE /curd/deleteitem/693052969a3c2d1a44dabb51
2025-12-03T15:24:25.195Z - DELETE /curd/deleteitem/693052969a3c2d1a44dabb51
2025-12-03T15:24:25.359Z - DELETE /curd/deleteitem/693052969a3c2d1a44dabb51
2025-12-03T15:24:25.519Z - DELETE /curd/deleteitem/693052969a3c2d1a44dabb51
2025-12-03T15:24:26.763Z - DELETE /curd/deleteitem/693052969a3c2d1a44dabb51
2025-12-03T15:24:26.938Z - DELETE /curd/deleteitem/693052969a3c2d1a44dabb51
2025-12-03T15:24:29.022Z - GET /curd/getitem
2025-12-03T15:24:34.415Z - GET /curd/getitem
2025-12-03T15:24:51.014Z - OPTIONS /curd/deleteitem/692d8d61f300105abeb3dd9a
2025-12-03T15:24:51.033Z - DELETE /curd/deleteitem/692d8d61f300105abeb3dd9a
2025-12-03T15:24:51.084Z - GET /curd/getitem
2025-12-03T15:24:53.874Z - GET /curd/getitem
2025-12-03T15:24:54.340Z - GET /curd/getitem
2025-12-03T15:24:55.949Z - GET /curd/getitem
2025-12-03T15:24:56.423Z - GET /curd/getitem
2025-12-03T15:24:56.819Z - GET /curd/getitem
2025-12-03T15:25:07.528Z - OPTIONS /curd/createitem
2025-12-03T15:25:07.555Z - POST /curd/createitem
2025-12-03T15:25:07.624Z - GET /curd/getitem
2025-12-03T15:25:40.195Z - GET /curd/getitem
2025-12-03T15:25:47.548Z - OPTIONS /curd/deleteitem/693056539a3c2d1a44dabba2
2025-12-03T15:25:47.551Z - DELETE /curd/deleteitem/693056539a3c2d1a44dabba2
2025-12-03T15:25:47.596Z - GET /curd/getitem
2025-12-03T15:26:07.862Z - GET /curd/getitem
2025-12-03T15:26:14.191Z - OPTIONS /curd/createitem
2025-12-03T15:26:14.203Z - POST /curd/createitem
2025-12-03T15:26:14.284Z - GET /curd/getitem
2025-12-03T15:26:21.442Z - OPTIONS /curd/createitem
2025-12-03T15:26:21.445Z - POST /curd/createitem
2025-12-03T15:26:21.521Z - GET /curd/getitem
2025-12-03T15:26:40.105Z - OPTIONS /curd/createitem
2025-12-03T15:26:40.120Z - POST /curd/createitem
2025-12-03T15:26:40.181Z - GET /curd/getitem
2025-12-03T15:29:18.925Z - GET /curd/getitem
2025-12-03T15:29:33.282Z - OPTIONS /curd/createitem
2025-12-03T15:29:33.287Z - POST /curd/createitem
2025-12-03T15:29:33.349Z - GET /curd/getitem
2025-12-03T15:34:09.324Z - GET /curd/getitem
2025-12-03T15:34:25.067Z - OPTIONS /curd/createitem
2025-12-03T15:34:25.167Z - POST /curd/createitem
2025-12-03T15:34:50.934Z - POST /curd/createitem
2025-12-03T15:35:42.183Z - GET /curd/getitem
2025-12-03T15:35:49.493Z - OPTIONS /curd/deleteitem/6930589a9a3c2d1a44dabbb9
2025-12-03T15:35:49.499Z - DELETE /curd/deleteitem/6930589a9a3c2d1a44dabbb9
2025-12-03T15:35:49.566Z - GET /curd/getitem
2025-12-03T15:35:54.939Z - OPTIONS /curd/deleteitem/693058819a3c2d1a44dabbb7
2025-12-03T15:35:54.943Z - DELETE /curd/deleteitem/693058819a3c2d1a44dabbb7
2025-12-03T15:35:55.008Z - GET /curd/getitem
2025-12-03T15:35:59.401Z - OPTIONS /curd/putitem/6930575d9a3c2d1a44dabbb3
2025-12-03T15:35:59.487Z - PUT /curd/putitem/6930575d9a3c2d1a44dabbb3
2025-12-03T15:35:59.628Z - GET /curd/getitem
2025-12-03T15:36:11.877Z - OPTIONS /curd/putitem/6930575d9a3c2d1a44dabbb3
2025-12-03T15:36:11.885Z - PUT /curd/putitem/6930575d9a3c2d1a44dabbb3
2025-12-03T15:36:11.993Z - GET /curd/getitem
2025-12-03T15:36:26.043Z - OPTIONS /curd/createitem
2025-12-03T15:36:26.063Z - POST /curd/createitem
2025-12-03T15:36:26.156Z - GET /curd/getitem
2025-12-03T15:38:33.835Z - GET /curd/getitem
2025-12-03T15:39:02.906Z - OPTIONS /curd/createitem
2025-12-03T15:39:02.910Z - POST /curd/createitem
2025-12-03T15:39:03.027Z - GET /curd/getitem
2025-12-03T15:39:20.972Z - OPTIONS /curd/createitem
2025-12-03T15:39:21.005Z - POST /curd/createitem
2025-12-03T15:39:23.105Z - GET /curd/getitem
2025-12-03T15:52:33.878Z - GET /curd/getitem
2025-12-03T17:10:37.165Z - OPTIONS /curd/deleteitem/693059a9049c28cd78b1f898
2025-12-03T17:10:37.179Z - DELETE /curd/deleteitem/693059a9049c28cd78b1f898
2025-12-03T17:10:46.501Z - OPTIONS /curd/putitem/69305996049c28cd78b1f895
2025-12-03T17:10:46.511Z - PUT /curd/putitem/69305996049c28cd78b1f895
2025-12-03T17:10:50.372Z - GET /curd/getitem
2025-12-03T17:11:01.263Z - OPTIONS /curd/createitem
2025-12-03T17:11:01.268Z - POST /curd/createitem
2025-12-03T17:11:01.339Z - GET /curd/getitem
2025-12-03T17:16:55.483Z - GET /curd/getitem
2025-12-03T17:17:00.744Z - OPTIONS /curd/deleteitem/69306f25049c28cd78b1f8a0
2025-12-03T17:17:00.748Z - DELETE /curd/deleteitem/69306f25049c28cd78b1f8a0
2025-12-03T17:17:02.827Z - GET /curd/getitem
2025-12-03T17:17:07.347Z - OPTIONS /curd/putitem/69305996049c28cd78b1f895
2025-12-03T17:17:07.380Z - PUT /curd/putitem/69305996049c28cd78b1f895
2025-12-03T17:17:09.425Z - GET /curd/getitem
2025-12-03T17:17:21.759Z - OPTIONS /curd/createitem
2025-12-03T17:17:21.785Z - POST /curd/createitem
2025-12-03T17:17:23.833Z - GET /curd/getitem
2025-12-03T17:29:17.098Z - GET /curd/getitem
2025-12-03T17:30:08.735Z - OPTIONS /curd/putitem/693070a1049c28cd78b1f8a9
2025-12-03T17:30:08.768Z - PUT /curd/putitem/693070a1049c28cd78b1f8a9
2025-12-03T17:30:10.819Z - GET /curd/getitem
2025-12-03T17:30:16.492Z - OPTIONS /curd/deleteitem/693070a1049c28cd78b1f8a9
2025-12-03T17:30:16.494Z - DELETE /curd/deleteitem/693070a1049c28cd78b1f8a9
2025-12-03T17:30:18.564Z - GET /curd/getitem
2025-12-03T17:30:25.866Z - OPTIONS /curd/createitem
2025-12-03T17:30:25.904Z - POST /curd/createitem
2025-12-03T17:30:27.959Z - GET /curd/getitem
2025-12-03T17:45:14.198Z - GET /curd/getitem
2025-12-03T18:00:02.710Z - OPTIONS /api/register
2025-12-03T18:00:02.732Z - POST /api/register
2025-12-03T18:02:28.866Z - OPTIONS /api/register
2025-12-03T18:02:28.913Z - POST /api/register
2025-12-03T18:05:10.413Z - OPTIONS /api/register
2025-12-03T18:05:10.454Z - POST /api/register
2025-12-03T18:05:58.747Z - OPTIONS /api/register
2025-12-03T18:05:58.779Z - POST /api/register
2025-12-03T18:06:15.226Z - OPTIONS /api/register
2025-12-03T18:06:15.249Z - POST /api/register
2025-12-03T18:07:03.784Z - OPTIONS /api/register
2025-12-03T18:07:03.801Z - POST /api/register
2025-12-03T18:10:29.705Z - OPTIONS /api/register
2025-12-03T18:10:29.732Z - POST /api/register
2025-12-03T18:14:51.090Z - OPTIONS /api/register
2025-12-03T18:14:51.122Z - POST /api/register
2025-12-03T18:19:06.036Z - OPTIONS /api/register
2025-12-03T18:19:06.054Z - POST /api/register
2025-12-03T18:27:45.687Z - OPTIONS /api/register
2025-12-03T18:27:45.729Z - POST /api/register
